Using pre-set license
Built from '2020.3/staging' branch; Version is '2020.3.0f1 (c7b5465681fb) revision 13088070'; Using compiler version '192528614'; Build Type 'Release'
OS: 'Windows 10 Enterprise; OS build 19042.631; Version 2009; 64bit' Language: 'en' Physical Memory: 8060 MB
BatchMode: 1, IsHumanControllingUs: 0, StartBugReporterOnCrash: 0, Is64bit: 1, IsPro: 0

 COMMAND LINE ARGUMENTS:
F:\Softwares\unity\2020.3.0f1\Editor\Unity.exe
-adb2
-batchMode
-noUpm
-name
AssetImportWorker2
-projectPath
F:/DephionAssignment/DephionAssignment/DephionAssignment
-logFile
Logs/AssetImportWorker2.log
-srvPort
53626
Successfully changed project path to: F:/DephionAssignment/DephionAssignment/DephionAssignment
F:/DephionAssignment/DephionAssignment/DephionAssignment
Using Asset Import Pipeline V2.
Refreshing native plugins compatible for Editor in 148.73 ms, found 0 plugins.
Preloading 0 native plugins for Editor in 0.00 ms.
Initialize engine version: 2020.3.0f1 (c7b5465681fb)
[Subsystems] Discovering subsystems at path F:/Softwares/unity/2020.3.0f1/Editor/Data/Resources/UnitySubsystems
[Subsystems] Discovering subsystems at path F:/DephionAssignment/DephionAssignment/DephionAssignment/Assets
GfxDevice: creating device client; threaded=0
Direct3D:
    Version:  Direct3D 11.0 [level 11.0]
    Renderer: NVIDIA GeForce 940MX (ID=0x179c)
    Vendor:   
    VRAM:     2010 MB
    Driver:   27.21.14.6172
Initialize mono
Mono path[0] = 'F:/Softwares/unity/2020.3.0f1/Editor/Data/Managed'
Mono path[1] = 'F:/Softwares/unity/2020.3.0f1/Editor/Data/MonoBleedingEdge/lib/mono/unityjit'
Mono config path = 'F:/Softwares/unity/2020.3.0f1/Editor/Data/MonoBleedingEdge/etc'
Using monoOptions --debugger-agent=transport=dt_socket,embedding=1,server=y,suspend=n,address=127.0.0.1:56156
Begin MonoManager ReloadAssembly
Registering precompiled unity dll's ...
Register platform support module: F:/Softwares/unity/2020.3.0f1/Editor/Data/PlaybackEngines/WindowsStandaloneSupport/UnityEditor.WindowsStandalone.Extensions.dll
Registered in 0.001578 seconds.
Native extension for WindowsStandalone target not found
Refreshing native plugins compatible for Editor in 121.42 ms, found 0 plugins.
Preloading 0 native plugins for Editor in 0.00 ms.
Invoked RoslynAnalysisRunner static constructor.
RoslynAnalysisRunner will not be running.
RoslynAnalysisRunner has terminated.
Mono: successfully reloaded assembly
- Completed reload, in  3.838 seconds
Platform modules already initialized, skipping
Registering precompiled user dll's ...
Registered in 0.004331 seconds.
Begin MonoManager ReloadAssembly
Native extension for WindowsStandalone target not found
Refreshing native plugins compatible for Editor in 136.14 ms, found 0 plugins.
Preloading 0 native plugins for Editor in 0.00 ms.
Invoked RoslynAnalysisRunner static constructor.
RoslynAnalysisRunner will not be running.
RoslynAnalysisRunner has terminated.
Mono: successfully reloaded assembly
- Completed reload, in  3.637 seconds
Platform modules already initialized, skipping
========================================================================
Worker process is ready to serve import requests
Shader 'Universal Render Pipeline/Particles/Lit': fallback shader 'Universal Render Pipeline/Particles/SimpleLit' not found
Shader 'Universal Render Pipeline/Particles/Lit': fallback shader 'Universal Render Pipeline/Particles/SimpleLit' not found
Launched and connected shader compiler UnityShaderCompiler.exe after 0.27 seconds
Refreshing native plugins compatible for Editor in 0.51 ms, found 0 plugins.
Preloading 0 native plugins for Editor in 0.00 ms.
Unloading 2579 Unused Serialized files (Serialized files now loaded: 0)
System memory in use before: 121.4 MB.
System memory in use after: 119.1 MB.

Unloading 49 unused Assets to reduce memory usage. Loaded Objects now: 2993.
Total: 178.073000 ms (FindLiveObjects: 0.373300 ms CreateObjectMapping: 0.198500 ms MarkObjects: 167.510000 ms  DeleteObjects: 9.988500 ms)

========================================================================
Received Import Request.
  path: Assets/Assets/Images/profileImages/minion.jpg
  artifactKey: Guid(e0ee1cec0d7efd049931991414b4bb6a) Importer(815301076,1909f56bfc062723c751e8b465ee728b)
Start importing Assets/Assets/Images/profileImages/minion.jpg using Guid(e0ee1cec0d7efd049931991414b4bb6a) Importer(815301076,1909f56bfc062723c751e8b465ee728b)  -> (artifact id: 'b97464ce9457a9f69a0271986c162b03') in 0.729305 seconds
  Import took 0.825752 seconds .

========================================================================
Received Import Request.
  Time since last request: 17.605735 seconds.
  path: Assets/Assets/Images/profileImages/cactus.jpg
  artifactKey: Guid(436d9c8faddc85b4892b51a1ad969cdc) Importer(815301076,1909f56bfc062723c751e8b465ee728b)
Start importing Assets/Assets/Images/profileImages/cactus.jpg using Guid(436d9c8faddc85b4892b51a1ad969cdc) Importer(815301076,1909f56bfc062723c751e8b465ee728b)  -> (artifact id: 'e747763d21764ecf9d742eba31dc4599') in 0.130718 seconds
  Import took 0.179028 seconds .

========================================================================
Received Import Request.
  Time since last request: 116.909629 seconds.
  path: Assets/Assets/Images/profileImages/daisyFlower.jpg
  artifactKey: Guid(4b9677bc3237618489d88df38a40d1cb) Importer(815301076,1909f56bfc062723c751e8b465ee728b)
Start importing Assets/Assets/Images/profileImages/daisyFlower.jpg using Guid(4b9677bc3237618489d88df38a40d1cb) Importer(815301076,1909f56bfc062723c751e8b465ee728b)  -> (artifact id: '83d71e663dec27a2b38319c1cf6ac5b6') in 0.124299 seconds
  Import took 0.218720 seconds .

========================================================================
Received Import Request.
  Time since last request: 13.966646 seconds.
  path: Assets/Assets/Images/profileImages/da.jpg
  artifactKey: Guid(8f26a3c23c76f2a4cb62b2ad19d432ef) Importer(815301076,1909f56bfc062723c751e8b465ee728b)
Start importing Assets/Assets/Images/profileImages/da.jpg using Guid(8f26a3c23c76f2a4cb62b2ad19d432ef) Importer(815301076,1909f56bfc062723c751e8b465ee728b)  -> (artifact id: 'a6d5ed538a3c6b1e9abf01ba9589caeb') in 0.074339 seconds
  Import took 0.099474 seconds .

========================================================================
Received Import Request.
  Time since last request: 3.589865 seconds.
  path: Assets/Assets/Images/profileImages/da.jpg
  artifactKey: Guid(8f26a3c23c76f2a4cb62b2ad19d432ef) Importer(815301076,1909f56bfc062723c751e8b465ee728b)
Start importing Assets/Assets/Images/profileImages/da.jpg using Guid(8f26a3c23c76f2a4cb62b2ad19d432ef) Importer(815301076,1909f56bfc062723c751e8b465ee728b)  -> (artifact id: '498580454477b01744c906c54a5abbbe') in 0.062804 seconds
  Import took 0.107929 seconds .

========================================================================
Received Import Request.
  Time since last request: 53.865814 seconds.
  path: Assets/Assets/Images/profileImages/da 1.jpg
  artifactKey: Guid(e6e2c9aed334fae42bf86418bc808516) Importer(815301076,1909f56bfc062723c751e8b465ee728b)
Start importing Assets/Assets/Images/profileImages/da 1.jpg using Guid(e6e2c9aed334fae42bf86418bc808516) Importer(815301076,1909f56bfc062723c751e8b465ee728b)  -> (artifact id: 'f6fddca46a5c21f73690852f094a22a9') in 0.081244 seconds
  Import took 0.122461 seconds .

========================================================================
Received Import Request.
  Time since last request: 4.561594 seconds.
  path: Assets/Assets/Images/profileImages/da 1.jpg
  artifactKey: Guid(e6e2c9aed334fae42bf86418bc808516) Importer(815301076,1909f56bfc062723c751e8b465ee728b)
Start importing Assets/Assets/Images/profileImages/da 1.jpg using Guid(e6e2c9aed334fae42bf86418bc808516) Importer(815301076,1909f56bfc062723c751e8b465ee728b)  -> (artifact id: 'b72680ec02d7c4e58e1cdf09b4ae5466') in 0.133289 seconds
  Import took 0.168199 seconds .

========================================================================
Received Import Request.
  Time since last request: 2.470229 seconds.
  path: Assets/Assets/Images/profileImages/da.jpg
  artifactKey: Guid(e6e2c9aed334fae42bf86418bc808516) Importer(815301076,1909f56bfc062723c751e8b465ee728b)
Start importing Assets/Assets/Images/profileImages/da.jpg using Guid(e6e2c9aed334fae42bf86418bc808516) Importer(815301076,1909f56bfc062723c751e8b465ee728b)  -> (artifact id: 'b1eb93b0aa191169d695d16fdf5916f8') in 0.113683 seconds
  Import took 0.151867 seconds .

========================================================================
Received Import Request.
  Time since last request: 62.546762 seconds.
  path: Assets/Assets/Images/profileImages/sport.png
  artifactKey: Guid(8d4754742aceda94ba4007d200c97195) Importer(815301076,1909f56bfc062723c751e8b465ee728b)
Start importing Assets/Assets/Images/profileImages/sport.png using Guid(8d4754742aceda94ba4007d200c97195) Importer(815301076,1909f56bfc062723c751e8b465ee728b)  -> (artifact id: '0ead07bed6bc591cfbc0110723231575') in 0.068959 seconds
  Import took 0.130946 seconds .

========================================================================
Received Import Request.
  Time since last request: 2.768315 seconds.
  path: Assets/Assets/Images/profileImages/sport.png
  artifactKey: Guid(8d4754742aceda94ba4007d200c97195) Importer(815301076,1909f56bfc062723c751e8b465ee728b)
Start importing Assets/Assets/Images/profileImages/sport.png using Guid(8d4754742aceda94ba4007d200c97195) Importer(815301076,1909f56bfc062723c751e8b465ee728b)  -> (artifact id: 'eb6c813226450fdd8d11d22fd3a75982') in 0.076128 seconds
  Import took 0.103179 seconds .

========================================================================
Received Import Request.
  Time since last request: 16.217430 seconds.
  path: Assets/Assets/Images/profileImages/daisyFlower.jpg
  artifactKey: Guid(e6e2c9aed334fae42bf86418bc808516) Importer(815301076,1909f56bfc062723c751e8b465ee728b)
Start importing Assets/Assets/Images/profileImages/daisyFlower.jpg using Guid(e6e2c9aed334fae42bf86418bc808516) Importer(815301076,1909f56bfc062723c751e8b465ee728b)  -> (artifact id: 'afc645e7bcb4e87916151837dd4ac84f') in 0.069567 seconds
  Import took 0.120877 seconds .

========================================================================
Received Import Request.
  Time since last request: 165.138348 seconds.
  path: Assets/Assets/Images/profileImages/pizza.png
  artifactKey: Guid(50867b8845896ab48994638e24ee91c7) Importer(815301076,1909f56bfc062723c751e8b465ee728b)
Start importing Assets/Assets/Images/profileImages/pizza.png using Guid(50867b8845896ab48994638e24ee91c7) Importer(815301076,1909f56bfc062723c751e8b465ee728b)  -> (artifact id: '2dd72c465554190f0ce7c755281bbeab') in 0.107109 seconds
  Import took 0.149146 seconds .

========================================================================
Received Import Request.
  Time since last request: 3.430583 seconds.
  path: Assets/Assets/Images/profileImages/pizza.png
  artifactKey: Guid(50867b8845896ab48994638e24ee91c7) Importer(815301076,1909f56bfc062723c751e8b465ee728b)
Start importing Assets/Assets/Images/profileImages/pizza.png using Guid(50867b8845896ab48994638e24ee91c7) Importer(815301076,1909f56bfc062723c751e8b465ee728b)  -> (artifact id: 'bc09c2d7c048fd4408fa1e52e238b19d') in 0.089856 seconds
  Import took 0.112109 seconds .

========================================================================
Received Import Request.
  Time since last request: 214.652225 seconds.
  path: Assets/Assets/Images/profileImages/giraffe.jpg
  artifactKey: Guid(3c0610dba0bb8304581ba81b975c04d1) Importer(815301076,1909f56bfc062723c751e8b465ee728b)
Start importing Assets/Assets/Images/profileImages/giraffe.jpg using Guid(3c0610dba0bb8304581ba81b975c04d1) Importer(815301076,1909f56bfc062723c751e8b465ee728b)  -> (artifact id: '64c3705431ac9c425e42690217bb09d1') in 0.104401 seconds
  Import took 0.145836 seconds .

========================================================================
Received Import Request.
  Time since last request: 3.410090 seconds.
  path: Assets/Assets/Images/profileImages/giraffe.jpg
  artifactKey: Guid(3c0610dba0bb8304581ba81b975c04d1) Importer(815301076,1909f56bfc062723c751e8b465ee728b)
Start importing Assets/Assets/Images/profileImages/giraffe.jpg using Guid(3c0610dba0bb8304581ba81b975c04d1) Importer(815301076,1909f56bfc062723c751e8b465ee728b)  -> (artifact id: '3d40afb0c1228b24bd8f252161fdda71') in 0.097844 seconds
  Import took 0.129847 seconds .

========================================================================
Received Import Request.
  Time since last request: 16.836579 seconds.
  path: Assets/Assets/atlases/profileImages_atlas.spriteatlas
  artifactKey: Guid(0ceec8d90f5c35b41b75fb6d5cb4c5f1) Importer(815301076,1909f56bfc062723c751e8b465ee728b)
Start importing Assets/Assets/atlases/profileImages_atlas.spriteatlas using Guid(0ceec8d90f5c35b41b75fb6d5cb4c5f1) Importer(815301076,1909f56bfc062723c751e8b465ee728b)  -> (artifact id: 'c7cba0fb50f9963c6d24e9f7b60a183e') in 0.197802 seconds
  Import took 0.228923 seconds .

========================================================================
Received Prepare
Registering precompiled user dll's ...
Registered in 0.002815 seconds.
Begin MonoManager ReloadAssembly
Native extension for WindowsStandalone target not found
Refreshing native plugins compatible for Editor in 0.59 ms, found 0 plugins.
Preloading 0 native plugins for Editor in 0.00 ms.
Invoked RoslynAnalysisRunner static constructor.
RoslynAnalysisRunner will not be running.
RoslynAnalysisRunner has terminated.
Mono: successfully reloaded assembly
- Completed reload, in  2.125 seconds
Platform modules already initialized, skipping
Shader 'Universal Render Pipeline/Particles/Lit': fallback shader 'Universal Render Pipeline/Particles/SimpleLit' not found
Shader 'Universal Render Pipeline/Particles/Lit': fallback shader 'Universal Render Pipeline/Particles/SimpleLit' not found
Refreshing native plugins compatible for Editor in 0.51 ms, found 0 plugins.
Preloading 0 native plugins for Editor in 0.00 ms.
Unloading 2491 Unused Serialized files (Serialized files now loaded: 0)
System memory in use before: 120.4 MB.
System memory in use after: 118.1 MB.

Unloading 45 unused Assets to reduce memory usage. Loaded Objects now: 3009.
Total: 181.728300 ms (FindLiveObjects: 3.054700 ms CreateObjectMapping: 0.270200 ms MarkObjects: 168.778700 ms  DeleteObjects: 9.622200 ms)

========================================================================
Received Prepare
Registering precompiled user dll's ...
Registered in 0.003370 seconds.
Begin MonoManager ReloadAssembly
Native extension for WindowsStandalone target not found
Refreshing native plugins compatible for Editor in 0.64 ms, found 0 plugins.
Preloading 0 native plugins for Editor in 0.00 ms.
Invoked RoslynAnalysisRunner static constructor.
RoslynAnalysisRunner will not be running.
RoslynAnalysisRunner has terminated.
Mono: successfully reloaded assembly
- Completed reload, in  2.440 seconds
Platform modules already initialized, skipping
Shader 'Universal Render Pipeline/Particles/Lit': fallback shader 'Universal Render Pipeline/Particles/SimpleLit' not found
Shader 'Universal Render Pipeline/Particles/Lit': fallback shader 'Universal Render Pipeline/Particles/SimpleLit' not found
Refreshing native plugins compatible for Editor in 0.98 ms, found 0 plugins.
Preloading 0 native plugins for Editor in 0.00 ms.
Unloading 2491 Unused Serialized files (Serialized files now loaded: 0)
System memory in use before: 120.4 MB.
System memory in use after: 118.2 MB.

Unloading 44 unused Assets to reduce memory usage. Loaded Objects now: 3013.
Total: 4.378500 ms (FindLiveObjects: 0.334000 ms CreateObjectMapping: 0.156000 ms MarkObjects: 2.249600 ms  DeleteObjects: 1.634100 ms)

========================================================================
Received Prepare
Registering precompiled user dll's ...
Registered in 0.002482 seconds.
Begin MonoManager ReloadAssembly
Native extension for WindowsStandalone target not found
Refreshing native plugins compatible for Editor in 0.60 ms, found 0 plugins.
Preloading 0 native plugins for Editor in 0.00 ms.
Invoked RoslynAnalysisRunner static constructor.
RoslynAnalysisRunner will not be running.
RoslynAnalysisRunner has terminated.
Mono: successfully reloaded assembly
- Completed reload, in  1.593 seconds
Platform modules already initialized, skipping
Shader 'Universal Render Pipeline/Particles/Lit': fallback shader 'Universal Render Pipeline/Particles/SimpleLit' not found
Shader 'Universal Render Pipeline/Particles/Lit': fallback shader 'Universal Render Pipeline/Particles/SimpleLit' not found
Refreshing native plugins compatible for Editor in 0.55 ms, found 0 plugins.
Preloading 0 native plugins for Editor in 0.00 ms.
Unloading 2491 Unused Serialized files (Serialized files now loaded: 0)
System memory in use before: 120.4 MB.
System memory in use after: 118.2 MB.

Unloading 44 unused Assets to reduce memory usage. Loaded Objects now: 3017.
Total: 5.862600 ms (FindLiveObjects: 0.468000 ms CreateObjectMapping: 0.334300 ms MarkObjects: 3.469200 ms  DeleteObjects: 1.589200 ms)

========================================================================
Received Prepare
Registering precompiled user dll's ...
Registered in 0.007842 seconds.
Begin MonoManager ReloadAssembly
Native extension for WindowsStandalone target not found
Refreshing native plugins compatible for Editor in 0.61 ms, found 0 plugins.
Preloading 0 native plugins for Editor in 0.00 ms.
Invoked RoslynAnalysisRunner static constructor.
RoslynAnalysisRunner will not be running.
RoslynAnalysisRunner has terminated.
Mono: successfully reloaded assembly
- Completed reload, in  1.769 seconds
Platform modules already initialized, skipping
Shader 'Universal Render Pipeline/Particles/Lit': fallback shader 'Universal Render Pipeline/Particles/SimpleLit' not found
Shader 'Universal Render Pipeline/Particles/Lit': fallback shader 'Universal Render Pipeline/Particles/SimpleLit' not found
Refreshing native plugins compatible for Editor in 0.49 ms, found 0 plugins.
Preloading 0 native plugins for Editor in 0.00 ms.
Unloading 2491 Unused Serialized files (Serialized files now loaded: 0)
System memory in use before: 120.5 MB.
System memory in use after: 118.2 MB.

Unloading 44 unused Assets to reduce memory usage. Loaded Objects now: 3021.
Total: 4.512800 ms (FindLiveObjects: 0.514300 ms CreateObjectMapping: 0.188700 ms MarkObjects: 2.183500 ms  DeleteObjects: 1.624800 ms)

========================================================================
Received Import Request.
  Time since last request: 5400.261334 seconds.
  path: Assets/Prefabs/ContactView.prefab
  artifactKey: Guid(4cbdfbdb469e90d4c93bde68a7db01f3) Importer(815301076,1909f56bfc062723c751e8b465ee728b)
Start importing Assets/Prefabs/ContactView.prefab using Guid(4cbdfbdb469e90d4c93bde68a7db01f3) Importer(815301076,1909f56bfc062723c751e8b465ee728b)  -> (artifact id: 'c51870a238ce2c27c04556765b4ed69a') in 0.862527 seconds
  Import took 0.960917 seconds .

========================================================================
Received Prepare
Registering precompiled user dll's ...
Registered in 0.002600 seconds.
Begin MonoManager ReloadAssembly
Native extension for WindowsStandalone target not found
Refreshing native plugins compatible for Editor in 0.96 ms, found 0 plugins.
Preloading 0 native plugins for Editor in 0.00 ms.
Invoked RoslynAnalysisRunner static constructor.
RoslynAnalysisRunner will not be running.
RoslynAnalysisRunner has terminated.
Mono: successfully reloaded assembly
- Completed reload, in  1.848 seconds
Platform modules already initialized, skipping
Shader 'Universal Render Pipeline/Particles/Lit': fallback shader 'Universal Render Pipeline/Particles/SimpleLit' not found
Shader 'Universal Render Pipeline/Particles/Lit': fallback shader 'Universal Render Pipeline/Particles/SimpleLit' not found
Refreshing native plugins compatible for Editor in 0.50 ms, found 0 plugins.
Preloading 0 native plugins for Editor in 0.00 ms.
Unloading 2491 Unused Serialized files (Serialized files now loaded: 0)
System memory in use before: 120.4 MB.
System memory in use after: 118.1 MB.

Unloading 44 unused Assets to reduce memory usage. Loaded Objects now: 3025.
Total: 9.722100 ms (FindLiveObjects: 0.557900 ms CreateObjectMapping: 0.216500 ms MarkObjects: 2.662700 ms  DeleteObjects: 6.282900 ms)

========================================================================
Received Prepare
Registering precompiled user dll's ...
Registered in 0.024623 seconds.
Begin MonoManager ReloadAssembly
Native extension for WindowsStandalone target not found
Refreshing native plugins compatible for Editor in 1.93 ms, found 0 plugins.
Preloading 0 native plugins for Editor in 0.00 ms.
Invoked RoslynAnalysisRunner static constructor.
RoslynAnalysisRunner will not be running.
RoslynAnalysisRunner has terminated.
Mono: successfully reloaded assembly
- Completed reload, in  3.656 seconds
Platform modules already initialized, skipping
Shader 'Universal Render Pipeline/Particles/Lit': fallback shader 'Universal Render Pipeline/Particles/SimpleLit' not found
Shader 'Universal Render Pipeline/Particles/Lit': fallback shader 'Universal Render Pipeline/Particles/SimpleLit' not found
Refreshing native plugins compatible for Editor in 0.60 ms, found 0 plugins.
Preloading 0 native plugins for Editor in 0.00 ms.
Unloading 2491 Unused Serialized files (Serialized files now loaded: 0)
System memory in use before: 120.5 MB.
System memory in use after: 118.2 MB.

Unloading 44 unused Assets to reduce memory usage. Loaded Objects now: 3029.
Total: 245.167900 ms (FindLiveObjects: 1.778200 ms CreateObjectMapping: 0.401200 ms MarkObjects: 204.703400 ms  DeleteObjects: 38.279400 ms)

========================================================================
Received Prepare
Registering precompiled user dll's ...
Registered in 0.008757 seconds.
Begin MonoManager ReloadAssembly
Native extension for WindowsStandalone target not found
Refreshing native plugins compatible for Editor in 0.59 ms, found 0 plugins.
Preloading 0 native plugins for Editor in 0.00 ms.
Invoked RoslynAnalysisRunner static constructor.
RoslynAnalysisRunner will not be running.
RoslynAnalysisRunner has terminated.
Mono: successfully reloaded assembly
- Completed reload, in  2.093 seconds
Platform modules already initialized, skipping
Shader 'Universal Render Pipeline/Particles/Lit': fallback shader 'Universal Render Pipeline/Particles/SimpleLit' not found
Shader 'Universal Render Pipeline/Particles/Lit': fallback shader 'Universal Render Pipeline/Particles/SimpleLit' not found
Refreshing native plugins compatible for Editor in 0.49 ms, found 0 plugins.
Preloading 0 native plugins for Editor in 0.00 ms.
Unloading 2491 Unused Serialized files (Serialized files now loaded: 0)
System memory in use before: 120.5 MB.
System memory in use after: 118.3 MB.

Unloading 44 unused Assets to reduce memory usage. Loaded Objects now: 3033.
Total: 5.995100 ms (FindLiveObjects: 0.371700 ms CreateObjectMapping: 0.150500 ms MarkObjects: 3.462000 ms  DeleteObjects: 2.009100 ms)

========================================================================
Received Prepare
Registering precompiled user dll's ...
Registered in 0.003967 seconds.
Begin MonoManager ReloadAssembly
Native extension for WindowsStandalone target not found
Refreshing native plugins compatible for Editor in 0.53 ms, found 0 plugins.
Preloading 0 native plugins for Editor in 0.00 ms.
Invoked RoslynAnalysisRunner static constructor.
RoslynAnalysisRunner will not be running.
RoslynAnalysisRunner has terminated.
Mono: successfully reloaded assembly
- Completed reload, in  1.618 seconds
Platform modules already initialized, skipping
Shader 'Universal Render Pipeline/Particles/Lit': fallback shader 'Universal Render Pipeline/Particles/SimpleLit' not found
Shader 'Universal Render Pipeline/Particles/Lit': fallback shader 'Universal Render Pipeline/Particles/SimpleLit' not found
Refreshing native plugins compatible for Editor in 0.48 ms, found 0 plugins.
Preloading 0 native plugins for Editor in 0.00 ms.
Unloading 2491 Unused Serialized files (Serialized files now loaded: 0)
System memory in use before: 120.5 MB.
System memory in use after: 118.3 MB.

Unloading 44 unused Assets to reduce memory usage. Loaded Objects now: 3037.
Total: 7.037900 ms (FindLiveObjects: 0.655900 ms CreateObjectMapping: 0.330200 ms MarkObjects: 4.239000 ms  DeleteObjects: 1.810400 ms)

========================================================================
Received Prepare
Registering precompiled user dll's ...
Registered in 0.003601 seconds.
Begin MonoManager ReloadAssembly
Native extension for WindowsStandalone target not found
Refreshing native plugins compatible for Editor in 1.32 ms, found 0 plugins.
Preloading 0 native plugins for Editor in 0.00 ms.
Invoked RoslynAnalysisRunner static constructor.
RoslynAnalysisRunner will not be running.
RoslynAnalysisRunner has terminated.
Mono: successfully reloaded assembly
- Completed reload, in  2.737 seconds
Platform modules already initialized, skipping
Shader 'Universal Render Pipeline/Particles/Lit': fallback shader 'Universal Render Pipeline/Particles/SimpleLit' not found
Shader 'Universal Render Pipeline/Particles/Lit': fallback shader 'Universal Render Pipeline/Particles/SimpleLit' not found
Refreshing native plugins compatible for Editor in 1.02 ms, found 0 plugins.
Preloading 0 native plugins for Editor in 0.00 ms.
Unloading 2491 Unused Serialized files (Serialized files now loaded: 0)
System memory in use before: 120.5 MB.
System memory in use after: 118.3 MB.

Unloading 44 unused Assets to reduce memory usage. Loaded Objects now: 3041.
Total: 8.327000 ms (FindLiveObjects: 0.822100 ms CreateObjectMapping: 0.367200 ms MarkObjects: 3.954200 ms  DeleteObjects: 3.181100 ms)

========================================================================
Received Prepare
Registering precompiled user dll's ...
Registered in 0.002279 seconds.
Begin MonoManager ReloadAssembly
Native extension for WindowsStandalone target not found
Refreshing native plugins compatible for Editor in 0.75 ms, found 0 plugins.
Preloading 0 native plugins for Editor in 0.00 ms.
Invoked RoslynAnalysisRunner static constructor.
RoslynAnalysisRunner will not be running.
RoslynAnalysisRunner has terminated.
Mono: successfully reloaded assembly
- Completed reload, in  2.396 seconds
Platform modules already initialized, skipping
Shader 'Universal Render Pipeline/Particles/Lit': fallback shader 'Universal Render Pipeline/Particles/SimpleLit' not found
Shader 'Universal Render Pipeline/Particles/Lit': fallback shader 'Universal Render Pipeline/Particles/SimpleLit' not found
Refreshing native plugins compatible for Editor in 0.88 ms, found 0 plugins.
Preloading 0 native plugins for Editor in 0.00 ms.
Unloading 2491 Unused Serialized files (Serialized files now loaded: 0)
System memory in use before: 120.4 MB.
System memory in use after: 118.2 MB.

Unloading 44 unused Assets to reduce memory usage. Loaded Objects now: 3045.
Total: 7.995400 ms (FindLiveObjects: 0.741600 ms CreateObjectMapping: 0.302400 ms MarkObjects: 4.366600 ms  DeleteObjects: 2.580900 ms)

========================================================================
Received Prepare
Registering precompiled user dll's ...
Registered in 0.009286 seconds.
Begin MonoManager ReloadAssembly
Native extension for WindowsStandalone target not found
Refreshing native plugins compatible for Editor in 0.88 ms, found 0 plugins.
Preloading 0 native plugins for Editor in 0.00 ms.
Invoked RoslynAnalysisRunner static constructor.
RoslynAnalysisRunner will not be running.
RoslynAnalysisRunner has terminated.
Mono: successfully reloaded assembly
- Completed reload, in  2.781 seconds
Platform modules already initialized, skipping
Shader 'Universal Render Pipeline/Particles/Lit': fallback shader 'Universal Render Pipeline/Particles/SimpleLit' not found
Shader 'Universal Render Pipeline/Particles/Lit': fallback shader 'Universal Render Pipeline/Particles/SimpleLit' not found
Refreshing native plugins compatible for Editor in 1.09 ms, found 0 plugins.
Preloading 0 native plugins for Editor in 0.00 ms.
Unloading 2491 Unused Serialized files (Serialized files now loaded: 0)
System memory in use before: 120.5 MB.
System memory in use after: 118.3 MB.

Unloading 44 unused Assets to reduce memory usage. Loaded Objects now: 3049.
Total: 13.152600 ms (FindLiveObjects: 0.562900 ms CreateObjectMapping: 0.236800 ms MarkObjects: 6.425900 ms  DeleteObjects: 5.924800 ms)

========================================================================
Received Prepare
Registering precompiled user dll's ...
Registered in 0.007023 seconds.
Begin MonoManager ReloadAssembly
Native extension for WindowsStandalone target not found
Refreshing native plugins compatible for Editor in 0.82 ms, found 0 plugins.
Preloading 0 native plugins for Editor in 0.00 ms.
Invoked RoslynAnalysisRunner static constructor.
RoslynAnalysisRunner will not be running.
RoslynAnalysisRunner has terminated.
Mono: successfully reloaded assembly
- Completed reload, in  2.339 seconds
Platform modules already initialized, skipping
Shader 'Universal Render Pipeline/Particles/Lit': fallback shader 'Universal Render Pipeline/Particles/SimpleLit' not found
Shader 'Universal Render Pipeline/Particles/Lit': fallback shader 'Universal Render Pipeline/Particles/SimpleLit' not found
Refreshing native plugins compatible for Editor in 0.64 ms, found 0 plugins.
Preloading 0 native plugins for Editor in 0.00 ms.
Unloading 2491 Unused Serialized files (Serialized files now loaded: 0)
System memory in use before: 120.5 MB.
System memory in use after: 118.3 MB.

Unloading 44 unused Assets to reduce memory usage. Loaded Objects now: 3053.
Total: 7.669200 ms (FindLiveObjects: 0.540600 ms CreateObjectMapping: 0.196100 ms MarkObjects: 2.604100 ms  DeleteObjects: 4.321000 ms)

========================================================================
Received Prepare
Registering precompiled user dll's ...
Registered in 0.002218 seconds.
Begin MonoManager ReloadAssembly
Native extension for WindowsStandalone target not found
Refreshing native plugins compatible for Editor in 0.47 ms, found 0 plugins.
Preloading 0 native plugins for Editor in 0.00 ms.
Invoked RoslynAnalysisRunner static constructor.
RoslynAnalysisRunner will not be running.
RoslynAnalysisRunner has terminated.
Mono: successfully reloaded assembly
- Completed reload, in  1.736 seconds
Platform modules already initialized, skipping
Shader 'Universal Render Pipeline/Particles/Lit': fallback shader 'Universal Render Pipeline/Particles/SimpleLit' not found
Shader 'Universal Render Pipeline/Particles/Lit': fallback shader 'Universal Render Pipeline/Particles/SimpleLit' not found
Refreshing native plugins compatible for Editor in 0.73 ms, found 0 plugins.
Preloading 0 native plugins for Editor in 0.00 ms.
Unloading 2491 Unused Serialized files (Serialized files now loaded: 0)
System memory in use before: 120.5 MB.
System memory in use after: 118.3 MB.

Unloading 44 unused Assets to reduce memory usage. Loaded Objects now: 3057.
Total: 6.588900 ms (FindLiveObjects: 0.571600 ms CreateObjectMapping: 0.251000 ms MarkObjects: 3.555800 ms  DeleteObjects: 2.208000 ms)

========================================================================
Received Prepare
Registering precompiled user dll's ...
Registered in 0.003936 seconds.
Begin MonoManager ReloadAssembly
Native extension for WindowsStandalone target not found
Refreshing native plugins compatible for Editor in 0.46 ms, found 0 plugins.
Preloading 0 native plugins for Editor in 0.00 ms.
Invoked RoslynAnalysisRunner static constructor.
RoslynAnalysisRunner will not be running.
RoslynAnalysisRunner has terminated.
Mono: successfully reloaded assembly
- Completed reload, in  1.712 seconds
Platform modules already initialized, skipping
Shader 'Universal Render Pipeline/Particles/Lit': fallback shader 'Universal Render Pipeline/Particles/SimpleLit' not found
Shader 'Universal Render Pipeline/Particles/Lit': fallback shader 'Universal Render Pipeline/Particles/SimpleLit' not found
Refreshing native plugins compatible for Editor in 0.61 ms, found 0 plugins.
Preloading 0 native plugins for Editor in 0.00 ms.
Unloading 2491 Unused Serialized files (Serialized files now loaded: 0)
System memory in use before: 120.6 MB.
System memory in use after: 118.3 MB.

Unloading 44 unused Assets to reduce memory usage. Loaded Objects now: 3061.
Total: 5.768400 ms (FindLiveObjects: 0.371700 ms CreateObjectMapping: 0.323400 ms MarkObjects: 3.218800 ms  DeleteObjects: 1.852400 ms)

========================================================================
Received Prepare
Registering precompiled user dll's ...
Registered in 0.003249 seconds.
Begin MonoManager ReloadAssembly
Native extension for WindowsStandalone target not found
Refreshing native plugins compatible for Editor in 0.85 ms, found 0 plugins.
Preloading 0 native plugins for Editor in 0.00 ms.
Invoked RoslynAnalysisRunner static constructor.
RoslynAnalysisRunner will not be running.
RoslynAnalysisRunner has terminated.
Mono: successfully reloaded assembly
- Completed reload, in  2.669 seconds
Platform modules already initialized, skipping
Shader 'Universal Render Pipeline/Particles/Lit': fallback shader 'Universal Render Pipeline/Particles/SimpleLit' not found
Shader 'Universal Render Pipeline/Particles/Lit': fallback shader 'Universal Render Pipeline/Particles/SimpleLit' not found
Refreshing native plugins compatible for Editor in 1.03 ms, found 0 plugins.
Preloading 0 native plugins for Editor in 0.00 ms.
Unloading 2491 Unused Serialized files (Serialized files now loaded: 0)
System memory in use before: 120.5 MB.
System memory in use after: 118.2 MB.

Unloading 44 unused Assets to reduce memory usage. Loaded Objects now: 3065.
Total: 7.892900 ms (FindLiveObjects: 0.965800 ms CreateObjectMapping: 0.198600 ms MarkObjects: 3.838300 ms  DeleteObjects: 2.860300 ms)

========================================================================
Received Prepare
Registering precompiled user dll's ...
Registered in 0.003709 seconds.
Begin MonoManager ReloadAssembly
Native extension for WindowsStandalone target not found
Refreshing native plugins compatible for Editor in 0.94 ms, found 0 plugins.
Preloading 0 native plugins for Editor in 0.00 ms.
Invoked RoslynAnalysisRunner static constructor.
RoslynAnalysisRunner will not be running.
RoslynAnalysisRunner has terminated.
Mono: successfully reloaded assembly
- Completed reload, in  2.885 seconds
Platform modules already initialized, skipping
Shader 'Universal Render Pipeline/Particles/Lit': fallback shader 'Universal Render Pipeline/Particles/SimpleLit' not found
Shader 'Universal Render Pipeline/Particles/Lit': fallback shader 'Universal Render Pipeline/Particles/SimpleLit' not found
Refreshing native plugins compatible for Editor in 1.39 ms, found 0 plugins.
Preloading 0 native plugins for Editor in 0.00 ms.
Unloading 2491 Unused Serialized files (Serialized files now loaded: 0)
System memory in use before: 120.6 MB.
System memory in use after: 118.3 MB.

Unloading 44 unused Assets to reduce memory usage. Loaded Objects now: 3069.
Total: 23.305900 ms (FindLiveObjects: 4.067100 ms CreateObjectMapping: 0.276700 ms MarkObjects: 9.989900 ms  DeleteObjects: 8.969600 ms)

========================================================================
Received Prepare
Registering precompiled user dll's ...
Registered in 0.003518 seconds.
Begin MonoManager ReloadAssembly
Native extension for WindowsStandalone target not found
Refreshing native plugins compatible for Editor in 0.82 ms, found 0 plugins.
Preloading 0 native plugins for Editor in 0.00 ms.
Invoked RoslynAnalysisRunner static constructor.
RoslynAnalysisRunner will not be running.
RoslynAnalysisRunner has terminated.
Mono: successfully reloaded assembly
- Completed reload, in  2.545 seconds
Platform modules already initialized, skipping
Shader 'Universal Render Pipeline/Particles/Lit': fallback shader 'Universal Render Pipeline/Particles/SimpleLit' not found
Shader 'Universal Render Pipeline/Particles/Lit': fallback shader 'Universal Render Pipeline/Particles/SimpleLit' not found
Refreshing native plugins compatible for Editor in 0.98 ms, found 0 plugins.
Preloading 0 native plugins for Editor in 0.00 ms.
Unloading 2491 Unused Serialized files (Serialized files now loaded: 0)
System memory in use before: 120.6 MB.
System memory in use after: 118.3 MB.

Unloading 44 unused Assets to reduce memory usage. Loaded Objects now: 3073.
Total: 8.825500 ms (FindLiveObjects: 0.766000 ms CreateObjectMapping: 0.426200 ms MarkObjects: 4.852900 ms  DeleteObjects: 2.778100 ms)

========================================================================
Received Prepare
Registering precompiled user dll's ...
Registered in 0.006355 seconds.
Begin MonoManager ReloadAssembly
Native extension for WindowsStandalone target not found
Refreshing native plugins compatible for Editor in 0.68 ms, found 0 plugins.
Preloading 0 native plugins for Editor in 0.00 ms.
Invoked RoslynAnalysisRunner static constructor.
RoslynAnalysisRunner will not be running.
RoslynAnalysisRunner has terminated.
Mono: successfully reloaded assembly
- Completed reload, in  2.823 seconds
Platform modules already initialized, skipping
Shader 'Universal Render Pipeline/Particles/Lit': fallback shader 'Universal Render Pipeline/Particles/SimpleLit' not found
Shader 'Universal Render Pipeline/Particles/Lit': fallback shader 'Universal Render Pipeline/Particles/SimpleLit' not found
Refreshing native plugins compatible for Editor in 1.39 ms, found 0 plugins.
Preloading 0 native plugins for Editor in 0.00 ms.
Unloading 2491 Unused Serialized files (Serialized files now loaded: 0)
System memory in use before: 120.6 MB.
System memory in use after: 118.4 MB.

Unloading 44 unused Assets to reduce memory usage. Loaded Objects now: 3077.
Total: 9.167600 ms (FindLiveObjects: 0.538500 ms CreateObjectMapping: 0.284900 ms MarkObjects: 6.024200 ms  DeleteObjects: 2.318100 ms)

========================================================================
Received Prepare
Registering precompiled user dll's ...
Registered in 0.004162 seconds.
Begin MonoManager ReloadAssembly
Native extension for WindowsStandalone target not found
Refreshing native plugins compatible for Editor in 0.59 ms, found 0 plugins.
Preloading 0 native plugins for Editor in 0.00 ms.
Invoked RoslynAnalysisRunner static constructor.
RoslynAnalysisRunner will not be running.
RoslynAnalysisRunner has terminated.
Mono: successfully reloaded assembly
- Completed reload, in  1.803 seconds
Platform modules already initialized, skipping
Shader 'Universal Render Pipeline/Particles/Lit': fallback shader 'Universal Render Pipeline/Particles/SimpleLit' not found
Shader 'Universal Render Pipeline/Particles/Lit': fallback shader 'Universal Render Pipeline/Particles/SimpleLit' not found
Refreshing native plugins compatible for Editor in 0.52 ms, found 0 plugins.
Preloading 0 native plugins for Editor in 0.00 ms.
Unloading 2491 Unused Serialized files (Serialized files now loaded: 0)
System memory in use before: 120.6 MB.
System memory in use after: 118.4 MB.

Unloading 44 unused Assets to reduce memory usage. Loaded Objects now: 3081.
Total: 6.753200 ms (FindLiveObjects: 1.533100 ms CreateObjectMapping: 0.858200 ms MarkObjects: 2.557400 ms  DeleteObjects: 1.801800 ms)

========================================================================
Received Prepare
Registering precompiled user dll's ...
Registered in 0.064754 seconds.
Begin MonoManager ReloadAssembly
Native extension for WindowsStandalone target not found
Refreshing native plugins compatible for Editor in 0.77 ms, found 0 plugins.
Preloading 0 native plugins for Editor in 0.00 ms.
Invoked RoslynAnalysisRunner static constructor.
RoslynAnalysisRunner will not be running.
RoslynAnalysisRunner has terminated.
Mono: successfully reloaded assembly
- Completed reload, in  2.926 seconds
Platform modules already initialized, skipping
Shader 'Universal Render Pipeline/Particles/Lit': fallback shader 'Universal Render Pipeline/Particles/SimpleLit' not found
Shader 'Universal Render Pipeline/Particles/Lit': fallback shader 'Universal Render Pipeline/Particles/SimpleLit' not found
Refreshing native plugins compatible for Editor in 0.83 ms, found 0 plugins.
Preloading 0 native plugins for Editor in 0.00 ms.
Unloading 2491 Unused Serialized files (Serialized files now loaded: 0)
System memory in use before: 120.5 MB.
System memory in use after: 118.3 MB.

Unloading 44 unused Assets to reduce memory usage. Loaded Objects now: 3085.
Total: 6.890300 ms (FindLiveObjects: 0.437700 ms CreateObjectMapping: 0.157400 ms MarkObjects: 3.729500 ms  DeleteObjects: 2.563200 ms)

